<?xml version="1.0" encoding="UTF-8"?>
<!-- Generated by org.testng.reporters.JUnitReportReporter -->
<testsuite hostname="DESKTOP-QPEVFGQ" failures="0" tests="4" name="com.tutorialsninja_testcases.RegisterTest" time="30.857" errors="0" timestamp="2023-12-20T19:33:55 EST" skipped="0">
  <testcase classname="com.tutorialsninja_testcases.RegisterTest" name="registerAccountWithMandatoryDetails" time="8.687"/>
  <testcase classname="com.tutorialsninja_testcases.RegisterTest" name="registerAccountWithAllDetails" time="8.677"/>
  <testcase classname="com.tutorialsninja_testcases.RegisterTest" name="registerAccountWithNoDetails" time="6.432"/>
  <testcase classname="com.tutorialsninja_testcases.RegisterTest" name="registerAccountExistingEmail" time="7.061"/>
</testsuite> <!-- com.tutorialsninja_testcases.RegisterTest -->
