<?xml version="1.0" encoding="UTF-8"?>
<!-- Generated by org.testng.reporters.JUnitReportReporter -->
<testsuite hostname="DESKTOP-QPEVFGQ" failures="0" tests="3" name="com.tutorialsninja_testcases.SearchProductTest" time="15.671" errors="0" timestamp="2023-12-20T19:33:55 EST" skipped="0">
  <testcase classname="com.tutorialsninja_testcases.SearchProductTest" name="verifySearchWithValidProduct" time="5.679"/>
  <testcase classname="com.tutorialsninja_testcases.SearchProductTest" name="verifySearchWithInvalidProduct" time="4.957"/>
  <testcase classname="com.tutorialsninja_testcases.SearchProductTest" name="verifySearchNoProduct" time="5.035"/>
</testsuite> <!-- com.tutorialsninja_testcases.SearchProductTest -->
