<?xml version="1.0" encoding="UTF-8"?>
<!-- Generated by org.testng.reporters.JUnitReportReporter -->
<testsuite hostname="DESKTOP-QPEVFGQ" failures="0" tests="1" name="com.tutorialsninja_testcases.StudentInfo" time="0.016" errors="0" timestamp="2023-12-20T20:29:20 EST" skipped="0">
  <testcase classname="com.tutorialsninja_testcases.StudentInfo" name="myInfo" time="0.016"/>
</testsuite> <!-- com.tutorialsninja_testcases.StudentInfo -->
